Using pre-set license
Built from '2020.2/staging' branch; Version is '2020.2.3f1 (8ff31bc5bf5b) revision 9433883'; Using compiler version '192528614'; Build Type 'Release'
OS: 'Windows 10 Education; OS build 18363.1379; Version 1909; 64bit' Language: 'en' Physical Memory: 16336 MB
BatchMode: 1, IsHumanControllingUs: 0, StartBugReporterOnCrash: 0, Is64bit: 1, IsPro: 0

 COMMAND LINE ARGUMENTS:
C:\Program Files\Unity\Hub\Editor\2020.2.3f1\Editor\Unity.exe
-adb2
-batchMode
-noUpm
-name
AssetImportWorker0
-projectPath
Q:/Users/LY/Documents/___GIT CLONE TEST/Souls-Runner-2d/Souls Runner/Souls Runner
-logFile
Logs/AssetImportWorker0.log
-srvPort
54750
Successfully changed project path to: Q:/Users/LY/Documents/___GIT CLONE TEST/Souls-Runner-2d/Souls Runner/Souls Runner
Q:/Users/LY/Documents/___GIT CLONE TEST/Souls-Runner-2d/Souls Runner/Souls Runner
Using Asset Import Pipeline V2.
Refreshing native plugins compatible for Editor in 69.83 ms, found 1 plugins.
Preloading 0 native plugins for Editor in 0.00 ms.
Initialize engine version: 2020.2.3f1 (8ff31bc5bf5b)
[Subsystems] Discovering subsystems at path C:/Program Files/Unity/Hub/Editor/2020.2.3f1/Editor/Data/Resources/UnitySubsystems
[Subsystems] Discovering subsystems at path Q:/Users/LY/Documents/___GIT CLONE TEST/Souls-Runner-2d/Souls Runner/Souls Runner/Assets
GfxDevice: creating device client; threaded=0
Direct3D:
    Version:  Direct3D 11.0 [level 11.1]
    Renderer: NVIDIA GeForce GTX 1060 6GB (ID=0x1c03)
    Vendor:   
    VRAM:     6052 MB
    Driver:   27.21.14.6079
Initialize mono
Mono path[0] = 'C:/Program Files/Unity/Hub/Editor/2020.2.3f1/Editor/Data/Managed'
Mono path[1] = 'C:/Program Files/Unity/Hub/Editor/2020.2.3f1/Editor/Data/MonoBleedingEdge/lib/mono/unityjit'
Mono config path = 'C:/Program Files/Unity/Hub/Editor/2020.2.3f1/Editor/Data/MonoBleedingEdge/etc'
Using monoOptions --debugger-agent=transport=dt_socket,embedding=1,server=y,suspend=n,address=127.0.0.1:56160
Begin MonoManager ReloadAssembly
Registering precompiled unity dll's ...
Register platform support module: C:/Program Files/Unity/Hub/Editor/2020.2.3f1/Editor/Data/PlaybackEngines/WindowsStandaloneSupport/UnityEditor.WindowsStandalone.Extensions.dll
Registered in 0.002637 seconds.
Native extension for WindowsStandalone target not found
Refreshing native plugins compatible for Editor in 61.44 ms, found 1 plugins.
Preloading 0 native plugins for Editor in 0.00 ms.
Invoked RoslynAnalysisRunner static constructor.
RoslynAnalysisRunner will not be running.
RoslynAnalysisRunner has terminated.
Mono: successfully reloaded assembly
- Completed reload, in  2.832 seconds
Platform modules already initialized, skipping
Registering precompiled user dll's ...
Registered in 0.001185 seconds.
Begin MonoManager ReloadAssembly
OnLevelWasLoaded was found on GameManagement
This message has been deprecated and will be removed in a later version of Unity.
Add a delegate to SceneManager.sceneLoaded instead to get notifications after scene loading has completed

Native extension for WindowsStandalone target not found
Refreshing native plugins compatible for Editor in 62.41 ms, found 1 plugins.
Preloading 0 native plugins for Editor in 0.00 ms.
Invoked RoslynAnalysisRunner static constructor.
RoslynAnalysisRunner will not be running.
RoslynAnalysisRunner has terminated.
Mono: successfully reloaded assembly
- Completed reload, in  1.242 seconds
Platform modules already initialized, skipping
========================================================================
Worker process is ready to serve import requests
Launched and connected shader compiler UnityShaderCompiler.exe after 0.06 seconds
Refreshing native plugins compatible for Editor in 0.59 ms, found 1 plugins.
Preloading 0 native plugins for Editor in 0.00 ms.
Unloading 1983 Unused Serialized files (Serialized files now loaded: 0)
System memory in use before: 92.2 MB.
System memory in use after: 92.2 MB.

Unloading 24 unused Assets to reduce memory usage. Loaded Objects now: 2426.
Total: 3.760200 ms (FindLiveObjects: 0.727600 ms CreateObjectMapping: 0.274800 ms MarkObjects: 2.562700 ms  DeleteObjects: 0.193100 ms)

========================================================================
Received Import Request.
  path: Assets/Scripts/Audio/AudioManager.cs
  artifactKey: Guid(a74f9f15b168c3446ae3f46530a1b963) Importer(815301076,1909f56bfc062723c751e8b465ee728b)
Start importing Assets/Scripts/Audio/AudioManager.cs using Guid(a74f9f15b168c3446ae3f46530a1b963) Importer(815301076,1909f56bfc062723c751e8b465ee728b)  -> (artifact id: '0d96d0485ec5186f47ac16af35591b37') in 0.041615 seconds
  Import took 0.045860 seconds .

========================================================================
Received Prepare
Registering precompiled user dll's ...
Registered in 0.001185 seconds.
Begin MonoManager ReloadAssembly
Native extension for WindowsStandalone target not found
Refreshing native plugins compatible for Editor in 0.63 ms, found 1 plugins.
Preloading 0 native plugins for Editor in 0.00 ms.
Invoked RoslynAnalysisRunner static constructor.
RoslynAnalysisRunner will not be running.
RoslynAnalysisRunner has terminated.
Mono: successfully reloaded assembly
- Completed reload, in  1.124 seconds
Platform modules already initialized, skipping
OnLevelWasLoaded was found on GameManagement
This message has been deprecated and will be removed in a later version of Unity.
Add a delegate to SceneManager.sceneLoaded instead to get notifications after scene loading has completed

Refreshing native plugins compatible for Editor in 0.59 ms, found 1 plugins.
Preloading 0 native plugins for Editor in 0.00 ms.
Unloading 1965 Unused Serialized files (Serialized files now loaded: 0)
System memory in use before: 91.2 MB.
System memory in use after: 91.2 MB.

Unloading 12 unused Assets to reduce memory usage. Loaded Objects now: 2429.
Total: 2.829700 ms (FindLiveObjects: 0.408300 ms CreateObjectMapping: 0.119100 ms MarkObjects: 2.154700 ms  DeleteObjects: 0.146200 ms)

========================================================================
Received Import Request.
  Time since last request: 99.146417 seconds.
  path: Assets/Scripts/Audio/AudioManager.cs
  artifactKey: Guid(a74f9f15b168c3446ae3f46530a1b963) Importer(815301076,1909f56bfc062723c751e8b465ee728b)
Start importing Assets/Scripts/Audio/AudioManager.cs using Guid(a74f9f15b168c3446ae3f46530a1b963) Importer(815301076,1909f56bfc062723c751e8b465ee728b)  -> (artifact id: '6fa14936a4be992f02b093d516b274b2') in 0.007189 seconds
  Import took 0.011135 seconds .

========================================================================
Received Prepare
Registering precompiled user dll's ...
Registered in 0.001157 seconds.
Begin MonoManager ReloadAssembly
Native extension for WindowsStandalone target not found
Refreshing native plugins compatible for Editor in 0.62 ms, found 1 plugins.
Preloading 0 native plugins for Editor in 0.00 ms.
Invoked RoslynAnalysisRunner static constructor.
RoslynAnalysisRunner will not be running.
RoslynAnalysisRunner has terminated.
Mono: successfully reloaded assembly
- Completed reload, in  1.150 seconds
Platform modules already initialized, skipping
OnLevelWasLoaded was found on GameManagement
This message has been deprecated and will be removed in a later version of Unity.
Add a delegate to SceneManager.sceneLoaded instead to get notifications after scene loading has completed

Refreshing native plugins compatible for Editor in 0.63 ms, found 1 plugins.
Preloading 0 native plugins for Editor in 0.00 ms.
Unloading 1965 Unused Serialized files (Serialized files now loaded: 0)
System memory in use before: 91.2 MB.
System memory in use after: 91.2 MB.

Unloading 12 unused Assets to reduce memory usage. Loaded Objects now: 2432.
Total: 2.607700 ms (FindLiveObjects: 0.260800 ms CreateObjectMapping: 0.063000 ms MarkObjects: 2.143400 ms  DeleteObjects: 0.138800 ms)

========================================================================
Received Prepare
Registering precompiled user dll's ...
Registered in 0.001193 seconds.
Begin MonoManager ReloadAssembly
Native extension for WindowsStandalone target not found
Refreshing native plugins compatible for Editor in 0.62 ms, found 1 plugins.
Preloading 0 native plugins for Editor in 0.00 ms.
Invoked RoslynAnalysisRunner static constructor.
RoslynAnalysisRunner will not be running.
RoslynAnalysisRunner has terminated.
Mono: successfully reloaded assembly
- Completed reload, in  1.115 seconds
Platform modules already initialized, skipping
OnLevelWasLoaded was found on GameManagement
This message has been deprecated and will be removed in a later version of Unity.
Add a delegate to SceneManager.sceneLoaded instead to get notifications after scene loading has completed

Refreshing native plugins compatible for Editor in 0.63 ms, found 1 plugins.
Preloading 0 native plugins for Editor in 0.00 ms.
Unloading 1965 Unused Serialized files (Serialized files now loaded: 0)
System memory in use before: 91.2 MB.
System memory in use after: 91.2 MB.

Unloading 12 unused Assets to reduce memory usage. Loaded Objects now: 2435.
Total: 2.582100 ms (FindLiveObjects: 0.258500 ms CreateObjectMapping: 0.060800 ms MarkObjects: 2.118300 ms  DeleteObjects: 0.143300 ms)

========================================================================
Received Import Request.
  Time since last request: 457.024386 seconds.
  path: Assets/Animations/Player
  artifactKey: Guid(7d04ffed37d179547a94c08c0f98c84d) Importer(815301076,1909f56bfc062723c751e8b465ee728b)
Start importing Assets/Animations/Player using Guid(7d04ffed37d179547a94c08c0f98c84d) Importer(815301076,1909f56bfc062723c751e8b465ee728b)  -> (artifact id: '608a8dd137b3e014d2b1fdc5a2ea92ad') in 0.019641 seconds
  Import took 0.025409 seconds .

========================================================================
Received Import Request.
  Time since last request: 15.189375 seconds.
  path: Assets/Animations/Player/Die.anim
  artifactKey: Guid(47a9b23866c66894ca184528f30cb89e) Importer(815301076,1909f56bfc062723c751e8b465ee728b)
Start importing Assets/Animations/Player/Die.anim using Guid(47a9b23866c66894ca184528f30cb89e) Importer(815301076,1909f56bfc062723c751e8b465ee728b)  -> (artifact id: '73d7f76ffb71c90fa0b22bf2546d55ea') in 0.023830 seconds
  Import took 0.027560 seconds .

========================================================================
Received Import Request.
  Time since last request: 11.863442 seconds.
  path: Assets/Platformer-Asset-Pack-Forest/Green Greens Forest Pixel Art Platformer Pack/Character-Animations/Main-Character/Sprite-Sheets/Death.png
  artifactKey: Guid(d765bfbb8a13b4ee29cee2ea9457cf7d) Importer(815301076,1909f56bfc062723c751e8b465ee728b)
Start importing Assets/Platformer-Asset-Pack-Forest/Green Greens Forest Pixel Art Platformer Pack/Character-Animations/Main-Character/Sprite-Sheets/Death.png using Guid(d765bfbb8a13b4ee29cee2ea9457cf7d) Importer(815301076,1909f56bfc062723c751e8b465ee728b)  -> (artifact id: '1a17269ab71a5ac916409d1fdf2e16b9') in 0.268236 seconds
  Import took 0.272959 seconds .

========================================================================
Received Import Request.
  Time since last request: 0.001057 seconds.
  path: Assets/Platformer-Asset-Pack-Forest/Green Greens Forest Pixel Art Platformer Pack/Character-Animations/Main-Character/Sprite-Sheets/Death.png
  artifactKey: Guid(d765bfbb8a13b4ee29cee2ea9457cf7d) Importer(815301076,1909f56bfc062723c751e8b465ee728b)
Start importing Assets/Platformer-Asset-Pack-Forest/Green Greens Forest Pixel Art Platformer Pack/Character-Animations/Main-Character/Sprite-Sheets/Death.png using Guid(d765bfbb8a13b4ee29cee2ea9457cf7d) Importer(815301076,1909f56bfc062723c751e8b465ee728b)  -> (artifact id: '1a17269ab71a5ac916409d1fdf2e16b9') in 0.093003 seconds
  Import took 0.098071 seconds .

========================================================================
Received Import Request.
  Time since last request: 62.568365 seconds.
  path: Assets/AudioClips/OTHER/8bits_3.wav
  artifactKey: Guid(0de6dafca88a4634ab5298bc006b64f4) Importer(815301076,1909f56bfc062723c751e8b465ee728b)
Start importing Assets/AudioClips/OTHER/8bits_3.wav using Guid(0de6dafca88a4634ab5298bc006b64f4) Importer(815301076,1909f56bfc062723c751e8b465ee728b)  -> (artifact id: 'd680fa79c1cd1076d746580f004fa359') in 0.055788 seconds
  Import took 0.060390 seconds .

========================================================================
Received Prepare
Registering precompiled user dll's ...
Registered in 0.001763 seconds.
Begin MonoManager ReloadAssembly
Native extension for WindowsStandalone target not found
Refreshing native plugins compatible for Editor in 0.76 ms, found 1 plugins.
Preloading 0 native plugins for Editor in 0.00 ms.
Invoked RoslynAnalysisRunner static constructor.
RoslynAnalysisRunner will not be running.
RoslynAnalysisRunner has terminated.
Mono: successfully reloaded assembly
- Completed reload, in  1.340 seconds
Platform modules already initialized, skipping
OnLevelWasLoaded was found on GameManagement
This message has been deprecated and will be removed in a later version of Unity.
Add a delegate to SceneManager.sceneLoaded instead to get notifications after scene loading has completed

Refreshing native plugins compatible for Editor in 0.63 ms, found 1 plugins.
Preloading 0 native plugins for Editor in 0.00 ms.
Unloading 1965 Unused Serialized files (Serialized files now loaded: 0)
System memory in use before: 94.4 MB.
System memory in use after: 94.4 MB.

Unloading 12 unused Assets to reduce memory usage. Loaded Objects now: 2451.
Total: 2.820100 ms (FindLiveObjects: 0.382500 ms CreateObjectMapping: 0.102200 ms MarkObjects: 2.183200 ms  DeleteObjects: 0.149900 ms)

========================================================================
Received Import Request.
  Time since last request: 4.197889 seconds.
  path: Assets/AudioClips/OTHER/8bits_2.wav
  artifactKey: Guid(63e753db8af6d7343982c390d5d3d828) Importer(815301076,1909f56bfc062723c751e8b465ee728b)
Start importing Assets/AudioClips/OTHER/8bits_2.wav using Guid(63e753db8af6d7343982c390d5d3d828) Importer(815301076,1909f56bfc062723c751e8b465ee728b)  -> (artifact id: '1d19a381332ae04052a291cd9fbea89d') in 0.074545 seconds
  Import took 0.079551 seconds .

========================================================================
Received Import Request.
  Time since last request: 2.790313 seconds.
  path: Assets/AudioClips/OTHER/8bits_1.wav
  artifactKey: Guid(65260ef831de4c14ea594a7358235c79) Importer(815301076,1909f56bfc062723c751e8b465ee728b)
Start importing Assets/AudioClips/OTHER/8bits_1.wav using Guid(65260ef831de4c14ea594a7358235c79) Importer(815301076,1909f56bfc062723c751e8b465ee728b)  -> (artifact id: 'ebab58d5d179d8370c4358791fb2f8ed') in 0.029671 seconds
  Import took 0.033495 seconds .

========================================================================
Received Import Request.
  Time since last request: 254.171036 seconds.
  path: Assets/Animations/Player/Hit.anim
  artifactKey: Guid(f545f99eb1acd1740bc798e666078462) Importer(815301076,1909f56bfc062723c751e8b465ee728b)
Start importing Assets/Animations/Player/Hit.anim using Guid(f545f99eb1acd1740bc798e666078462) Importer(815301076,1909f56bfc062723c751e8b465ee728b)  -> (artifact id: '224ff894c574f5bc5e77e76954b1c547') in 0.015467 seconds
  Import took 0.019679 seconds .

========================================================================
Received Import Request.
  Time since last request: 64.629588 seconds.
  path: Assets/Platformer-Asset-Pack-Forest/Green Greens Forest Pixel Art Platformer Pack/Character-Animations/Main-Character/Sprite-Sheets/Climb.png
  artifactKey: Guid(410334bca95f541e9840fb9d5dbe0e85) Importer(815301076,1909f56bfc062723c751e8b465ee728b)
Start importing Assets/Platformer-Asset-Pack-Forest/Green Greens Forest Pixel Art Platformer Pack/Character-Animations/Main-Character/Sprite-Sheets/Climb.png using Guid(410334bca95f541e9840fb9d5dbe0e85) Importer(815301076,1909f56bfc062723c751e8b465ee728b)  -> (artifact id: 'e82cb673aa291683d9e862994338b9ba') in 0.162410 seconds
  Import took 0.166534 seconds .

========================================================================
Received Import Request.
  Time since last request: 0.000278 seconds.
  path: Assets/Animations/Player/Climb.anim
  artifactKey: Guid(583daeac78056ad45b302b8b9235f1d6) Importer(815301076,1909f56bfc062723c751e8b465ee728b)
Start importing Assets/Animations/Player/Climb.anim using Guid(583daeac78056ad45b302b8b9235f1d6) Importer(815301076,1909f56bfc062723c751e8b465ee728b)  -> (artifact id: '4a769ae9cb53e32b19d728ff05d0a4ca') in 0.004567 seconds
  Import took 0.008549 seconds .

========================================================================
Received Import Request.
  Time since last request: 0.000307 seconds.
  path: Assets/Platformer-Asset-Pack-Forest/Green Greens Forest Pixel Art Platformer Pack/Character-Animations/Main-Character/Sprite-Sheets/Climb.png
  artifactKey: Guid(410334bca95f541e9840fb9d5dbe0e85) Importer(815301076,1909f56bfc062723c751e8b465ee728b)
Start importing Assets/Platformer-Asset-Pack-Forest/Green Greens Forest Pixel Art Platformer Pack/Character-Animations/Main-Character/Sprite-Sheets/Climb.png using Guid(410334bca95f541e9840fb9d5dbe0e85) Importer(815301076,1909f56bfc062723c751e8b465ee728b)  -> (artifact id: 'e82cb673aa291683d9e862994338b9ba') in 0.063182 seconds
  Import took 0.067413 seconds .

========================================================================
Received Import Request.
  Time since last request: 50.933648 seconds.
  path: Assets/Platformer-Asset-Pack-Forest/Green Greens Forest Pixel Art Platformer Pack/Character-Animations/Main-Character/Sprite-Sheets/PickUp.png
  artifactKey: Guid(75f8e798809174525bd013d5e38e4189) Importer(815301076,1909f56bfc062723c751e8b465ee728b)
Start importing Assets/Platformer-Asset-Pack-Forest/Green Greens Forest Pixel Art Platformer Pack/Character-Animations/Main-Character/Sprite-Sheets/PickUp.png using Guid(75f8e798809174525bd013d5e38e4189) Importer(815301076,1909f56bfc062723c751e8b465ee728b)  -> (artifact id: '45a7c1bf73f06fa57f04ceb7147df4ac') in 0.126985 seconds
  Import took 0.132038 seconds .

========================================================================
Received Import Request.
  Time since last request: 0.000243 seconds.
  path: Assets/Animations/Player/Pick Up.anim
  artifactKey: Guid(f952bdd68069162469f7976fbde163ed) Importer(815301076,1909f56bfc062723c751e8b465ee728b)
Start importing Assets/Animations/Player/Pick Up.anim using Guid(f952bdd68069162469f7976fbde163ed) Importer(815301076,1909f56bfc062723c751e8b465ee728b)  -> (artifact id: 'b3ca8622444694930116fe54272c2de4') in 0.012016 seconds
  Import took 0.018021 seconds .

========================================================================
Received Import Request.
  Time since last request: 0.000291 seconds.
  path: Assets/Platformer-Asset-Pack-Forest/Green Greens Forest Pixel Art Platformer Pack/Character-Animations/Main-Character/Sprite-Sheets/PickUp.png
  artifactKey: Guid(75f8e798809174525bd013d5e38e4189) Importer(815301076,1909f56bfc062723c751e8b465ee728b)
Start importing Assets/Platformer-Asset-Pack-Forest/Green Greens Forest Pixel Art Platformer Pack/Character-Animations/Main-Character/Sprite-Sheets/PickUp.png using Guid(75f8e798809174525bd013d5e38e4189) Importer(815301076,1909f56bfc062723c751e8b465ee728b)  -> (artifact id: '45a7c1bf73f06fa57f04ceb7147df4ac') in 0.088937 seconds
  Import took 0.093478 seconds .

========================================================================
Received Import Request.
  Time since last request: 5.894654 seconds.
  path: Assets/Platformer-Asset-Pack-Forest/Green Greens Forest Pixel Art Platformer Pack/Character-Animations/Main-Character/Sprite-Sheets/Throw.png
  artifactKey: Guid(4c0a8754dc7f4410183289afeb77a1e3) Importer(815301076,1909f56bfc062723c751e8b465ee728b)
Start importing Assets/Platformer-Asset-Pack-Forest/Green Greens Forest Pixel Art Platformer Pack/Character-Animations/Main-Character/Sprite-Sheets/Throw.png using Guid(4c0a8754dc7f4410183289afeb77a1e3) Importer(815301076,1909f56bfc062723c751e8b465ee728b)  -> (artifact id: 'cf6657ae7b3d1657229900b52c513040') in 0.061381 seconds
  Import took 0.065462 seconds .

========================================================================
Received Import Request.
  Time since last request: 0.000313 seconds.
  path: Assets/Animations/Player/Throw.anim
  artifactKey: Guid(cf68ce40d9602214b8cb61c151ba1a19) Importer(815301076,1909f56bfc062723c751e8b465ee728b)
Start importing Assets/Animations/Player/Throw.anim using Guid(cf68ce40d9602214b8cb61c151ba1a19) Importer(815301076,1909f56bfc062723c751e8b465ee728b)  -> (artifact id: '9f1b099291de07a70fd97ce277b1368e') in 0.004741 seconds
  Import took 0.008965 seconds .

========================================================================
Received Import Request.
  Time since last request: 0.000226 seconds.
  path: Assets/Platformer-Asset-Pack-Forest/Green Greens Forest Pixel Art Platformer Pack/Character-Animations/Main-Character/Sprite-Sheets/Throw.png
  artifactKey: Guid(4c0a8754dc7f4410183289afeb77a1e3) Importer(815301076,1909f56bfc062723c751e8b465ee728b)
Start importing Assets/Platformer-Asset-Pack-Forest/Green Greens Forest Pixel Art Platformer Pack/Character-Animations/Main-Character/Sprite-Sheets/Throw.png using Guid(4c0a8754dc7f4410183289afeb77a1e3) Importer(815301076,1909f56bfc062723c751e8b465ee728b)  -> (artifact id: 'cf6657ae7b3d1657229900b52c513040') in 0.063747 seconds
  Import took 0.067840 seconds .

========================================================================
Received Prepare
Registering precompiled user dll's ...
Registered in 0.001360 seconds.
Begin MonoManager ReloadAssembly
Native extension for WindowsStandalone target not found
Refreshing native plugins compatible for Editor in 0.63 ms, found 1 plugins.
Preloading 0 native plugins for Editor in 0.00 ms.
Invoked RoslynAnalysisRunner static constructor.
RoslynAnalysisRunner will not be running.
RoslynAnalysisRunner has terminated.
Mono: successfully reloaded assembly
- Completed reload, in  1.212 seconds
Platform modules already initialized, skipping
OnLevelWasLoaded was found on GameManagement
This message has been deprecated and will be removed in a later version of Unity.
Add a delegate to SceneManager.sceneLoaded instead to get notifications after scene loading has completed

Refreshing native plugins compatible for Editor in 0.63 ms, found 1 plugins.
Preloading 0 native plugins for Editor in 0.00 ms.
Unloading 1965 Unused Serialized files (Serialized files now loaded: 0)
System memory in use before: 94.5 MB.
System memory in use after: 94.5 MB.

Unloading 12 unused Assets to reduce memory usage. Loaded Objects now: 2457.
Total: 2.496000 ms (FindLiveObjects: 0.259100 ms CreateObjectMapping: 0.057400 ms MarkObjects: 2.040800 ms  DeleteObjects: 0.137200 ms)

========================================================================
Received Import Request.
  Time since last request: 78.801687 seconds.
  path: Assets/AudioClips/OTHER/teleport.wav
  artifactKey: Guid(65260ef831de4c14ea594a7358235c79) Importer(815301076,1909f56bfc062723c751e8b465ee728b)
Start importing Assets/AudioClips/OTHER/teleport.wav using Guid(65260ef831de4c14ea594a7358235c79) Importer(815301076,1909f56bfc062723c751e8b465ee728b)  -> (artifact id: '4057f67f087eed566c12473d0611f375') in 0.068785 seconds
  Import took 0.072774 seconds .

========================================================================
Received Import Request.
  Time since last request: 11.773747 seconds.
  path: Assets/AudioClips/OTHER/hurt.wav
  artifactKey: Guid(63e753db8af6d7343982c390d5d3d828) Importer(815301076,1909f56bfc062723c751e8b465ee728b)
Start importing Assets/AudioClips/OTHER/hurt.wav using Guid(63e753db8af6d7343982c390d5d3d828) Importer(815301076,1909f56bfc062723c751e8b465ee728b)  -> (artifact id: '85a757b0ad8aa45f458a8cdc163a49da') in 0.020310 seconds
  Import took 0.024836 seconds .

========================================================================
Received Import Request.
  Time since last request: 0.004631 seconds.
  path: Assets/AudioClips/OTHER/hurt.wav
  artifactKey: Guid(63e753db8af6d7343982c390d5d3d828) Importer(815301076,1909f56bfc062723c751e8b465ee728b)
Start importing Assets/AudioClips/OTHER/hurt.wav using Guid(63e753db8af6d7343982c390d5d3d828) Importer(815301076,1909f56bfc062723c751e8b465ee728b)  -> (artifact id: '85a757b0ad8aa45f458a8cdc163a49da') in 0.019313 seconds
  Import took 0.024290 seconds .

========================================================================
Received Prepare
Registering precompiled user dll's ...
Registered in 0.001258 seconds.
Begin MonoManager ReloadAssembly
Native extension for WindowsStandalone target not found
Refreshing native plugins compatible for Editor in 0.66 ms, found 1 plugins.
Preloading 0 native plugins for Editor in 0.00 ms.
Invoked RoslynAnalysisRunner static constructor.
RoslynAnalysisRunner will not be running.
RoslynAnalysisRunner has terminated.
Mono: successfully reloaded assembly
- Completed reload, in  1.218 seconds
Platform modules already initialized, skipping
OnLevelWasLoaded was found on GameManagement
This message has been deprecated and will be removed in a later version of Unity.
Add a delegate to SceneManager.sceneLoaded instead to get notifications after scene loading has completed

Refreshing native plugins compatible for Editor in 0.99 ms, found 1 plugins.
Preloading 0 native plugins for Editor in 0.00 ms.
Unloading 1965 Unused Serialized files (Serialized files now loaded: 0)
System memory in use before: 94.5 MB.
System memory in use after: 94.5 MB.

Unloading 12 unused Assets to reduce memory usage. Loaded Objects now: 2461.
Total: 3.721500 ms (FindLiveObjects: 0.564300 ms CreateObjectMapping: 0.128800 ms MarkObjects: 2.854100 ms  DeleteObjects: 0.172300 ms)

========================================================================
Received Import Request.
  Time since last request: 286.807322 seconds.
  path: Assets/Scripts/Audio/AudioManager.cs
  artifactKey: Guid(a74f9f15b168c3446ae3f46530a1b963) Importer(815301076,1909f56bfc062723c751e8b465ee728b)
Start importing Assets/Scripts/Audio/AudioManager.cs using Guid(a74f9f15b168c3446ae3f46530a1b963) Importer(815301076,1909f56bfc062723c751e8b465ee728b)  -> (artifact id: 'e37729c77d53c926b346db431fe4ad83') in 0.009095 seconds
  Import took 0.013859 seconds .

========================================================================
Received Import Request.
  Time since last request: 108.948889 seconds.
  path: Assets/Scripts/Audio/PlayerMovementSounds.cs
  artifactKey: Guid(3a4fe3734e6c9e34da1877b414f1ce90) Importer(815301076,1909f56bfc062723c751e8b465ee728b)
Start importing Assets/Scripts/Audio/PlayerMovementSounds.cs using Guid(3a4fe3734e6c9e34da1877b414f1ce90) Importer(815301076,1909f56bfc062723c751e8b465ee728b)  -> (artifact id: '6e3785dcbc67f97fef715c4a152cfad1') in 0.012135 seconds
  Import took 0.016080 seconds .

========================================================================
Received Prepare
Registering precompiled user dll's ...
Registered in 0.001176 seconds.
Begin MonoManager ReloadAssembly
Native extension for WindowsStandalone target not found
Refreshing native plugins compatible for Editor in 0.61 ms, found 1 plugins.
Preloading 0 native plugins for Editor in 0.00 ms.
Invoked RoslynAnalysisRunner static constructor.
RoslynAnalysisRunner will not be running.
RoslynAnalysisRunner has terminated.
Mono: successfully reloaded assembly
- Completed reload, in  1.180 seconds
Platform modules already initialized, skipping
OnLevelWasLoaded was found on GameManagement
This message has been deprecated and will be removed in a later version of Unity.
Add a delegate to SceneManager.sceneLoaded instead to get notifications after scene loading has completed

Refreshing native plugins compatible for Editor in 0.68 ms, found 1 plugins.
Preloading 0 native plugins for Editor in 0.00 ms.
Unloading 1965 Unused Serialized files (Serialized files now loaded: 0)
System memory in use before: 94.5 MB.
System memory in use after: 94.5 MB.

Unloading 12 unused Assets to reduce memory usage. Loaded Objects now: 2464.
Total: 2.641300 ms (FindLiveObjects: 0.279800 ms CreateObjectMapping: 0.059000 ms MarkObjects: 2.155400 ms  DeleteObjects: 0.145900 ms)

========================================================================
Received Import Request.
  Time since last request: 72.557573 seconds.
  path: Assets/Scripts/Audio/PlayerMovementSounds.cs
  artifactKey: Guid(3a4fe3734e6c9e34da1877b414f1ce90) Importer(815301076,1909f56bfc062723c751e8b465ee728b)
Start importing Assets/Scripts/Audio/PlayerMovementSounds.cs using Guid(3a4fe3734e6c9e34da1877b414f1ce90) Importer(815301076,1909f56bfc062723c751e8b465ee728b)  -> (artifact id: '0db6e2783732bce40b9c6fcb37529fc2') in 0.008596 seconds
  Import took 0.012538 seconds .

========================================================================
Received Import Request.
  Time since last request: 24.683668 seconds.
  path: Assets/AudioClips/OTHER/Chime_1.wav
  artifactKey: Guid(8f2c021784a4c6647a35c89ca3e4fdb1) Importer(815301076,1909f56bfc062723c751e8b465ee728b)
Start importing Assets/AudioClips/OTHER/Chime_1.wav using Guid(8f2c021784a4c6647a35c89ca3e4fdb1) Importer(815301076,1909f56bfc062723c751e8b465ee728b)  -> (artifact id: '1a0fff15eaae40c41b12ac8af30a73da') in 0.073771 seconds
  Import took 0.078373 seconds .

========================================================================
Received Import Request.
  Time since last request: 44.485135 seconds.
  path: Assets/AudioClips/UI/ButtonClick_1.wav
  artifactKey: Guid(6a448d0f328043a4baa4fb8f86db7485) Importer(815301076,1909f56bfc062723c751e8b465ee728b)
Start importing Assets/AudioClips/UI/ButtonClick_1.wav using Guid(6a448d0f328043a4baa4fb8f86db7485) Importer(815301076,1909f56bfc062723c751e8b465ee728b)  -> (artifact id: '169d91d1c607b57663a9496c2b160089') in 0.028779 seconds
  Import took 0.033526 seconds .

========================================================================
Received Prepare
Registering precompiled user dll's ...
Registered in 0.002260 seconds.
Begin MonoManager ReloadAssembly
Native extension for WindowsStandalone target not found
Refreshing native plugins compatible for Editor in 0.61 ms, found 1 plugins.
Preloading 0 native plugins for Editor in 0.00 ms.
Invoked RoslynAnalysisRunner static constructor.
RoslynAnalysisRunner will not be running.
RoslynAnalysisRunner has terminated.
Mono: successfully reloaded assembly
- Completed reload, in  1.196 seconds
Platform modules already initialized, skipping
OnLevelWasLoaded was found on GameManagement
This message has been deprecated and will be removed in a later version of Unity.
Add a delegate to SceneManager.sceneLoaded instead to get notifications after scene loading has completed

Refreshing native plugins compatible for Editor in 0.90 ms, found 1 plugins.
Preloading 0 native plugins for Editor in 0.00 ms.
Unloading 1965 Unused Serialized files (Serialized files now loaded: 0)
System memory in use before: 94.5 MB.
System memory in use after: 94.5 MB.

Unloading 12 unused Assets to reduce memory usage. Loaded Objects now: 2468.
Total: 3.075800 ms (FindLiveObjects: 0.457200 ms CreateObjectMapping: 0.144300 ms MarkObjects: 2.317300 ms  DeleteObjects: 0.154200 ms)

========================================================================
Received Import Request.
  Time since last request: 506.083534 seconds.
  path: Assets/Scripts/Audio/AudioManager.cs
  artifactKey: Guid(a74f9f15b168c3446ae3f46530a1b963) Importer(815301076,1909f56bfc062723c751e8b465ee728b)
Start importing Assets/Scripts/Audio/AudioManager.cs using Guid(a74f9f15b168c3446ae3f46530a1b963) Importer(815301076,1909f56bfc062723c751e8b465ee728b)  -> (artifact id: '66e832f426d53d06b214acebaf08cde6') in 0.007640 seconds
  Import took 0.011460 seconds .

========================================================================
Received Import Request.
  Time since last request: 99.578807 seconds.
  path: Assets/AudioClips/OTHER/swap.wav
  artifactKey: Guid(6ad52d8cfe6306a4ebdb550bf9754472) Importer(815301076,1909f56bfc062723c751e8b465ee728b)
Start importing Assets/AudioClips/OTHER/swap.wav using Guid(6ad52d8cfe6306a4ebdb550bf9754472) Importer(815301076,1909f56bfc062723c751e8b465ee728b)  -> (artifact id: '7cad552193050aee5de69935e30866db') in 0.060973 seconds
  Import took 0.064798 seconds .

========================================================================
Received Import Request.
  Time since last request: 174.629734 seconds.
  path: Assets/AudioClips/PLAYER/Teleport
  artifactKey: Guid(b66932139339d9e4d964ab5c0c6bb361) Importer(815301076,1909f56bfc062723c751e8b465ee728b)
Start importing Assets/AudioClips/PLAYER/Teleport using Guid(b66932139339d9e4d964ab5c0c6bb361) Importer(815301076,1909f56bfc062723c751e8b465ee728b)  -> (artifact id: 'fcbbc24aa3914e4c8e870e4427269779') in 0.013136 seconds
  Import took 0.017049 seconds .

========================================================================
Received Prepare
Registering precompiled user dll's ...
Registered in 0.001189 seconds.
Begin MonoManager ReloadAssembly
Native extension for WindowsStandalone target not found
Refreshing native plugins compatible for Editor in 0.61 ms, found 1 plugins.
Preloading 0 native plugins for Editor in 0.00 ms.
Invoked RoslynAnalysisRunner static constructor.
RoslynAnalysisRunner will not be running.
RoslynAnalysisRunner has terminated.
Mono: successfully reloaded assembly
- Completed reload, in  1.150 seconds
Platform modules already initialized, skipping
OnLevelWasLoaded was found on GameManagement
This message has been deprecated and will be removed in a later version of Unity.
Add a delegate to SceneManager.sceneLoaded instead to get notifications after scene loading has completed

Refreshing native plugins compatible for Editor in 0.65 ms, found 1 plugins.
Preloading 0 native plugins for Editor in 0.00 ms.
Unloading 1965 Unused Serialized files (Serialized files now loaded: 0)
System memory in use before: 94.5 MB.
System memory in use after: 94.5 MB.

Unloading 12 unused Assets to reduce memory usage. Loaded Objects now: 2472.
Total: 3.075400 ms (FindLiveObjects: 0.455100 ms CreateObjectMapping: 0.136500 ms MarkObjects: 2.327800 ms  DeleteObjects: 0.153900 ms)

========================================================================
Received Import Request.
  Time since last request: 6.789492 seconds.
  path: Assets/AudioClips/PLAYER/ClimbLadder
  artifactKey: Guid(87222c1fdca5c3b46bcd77858c420be4) Importer(815301076,1909f56bfc062723c751e8b465ee728b)
Start importing Assets/AudioClips/PLAYER/ClimbLadder using Guid(87222c1fdca5c3b46bcd77858c420be4) Importer(815301076,1909f56bfc062723c751e8b465ee728b)  -> (artifact id: '8f28d5972fe5a02bf2c8cc7c170867b3') in 0.013778 seconds
  Import took 0.017734 seconds .

========================================================================
Received Import Request.
  Time since last request: 0.047888 seconds.
  path: Assets/AudioClips/PLAYER/Death
  artifactKey: Guid(27add851df6f5cf46a3618968f844434) Importer(815301076,1909f56bfc062723c751e8b465ee728b)
Start importing Assets/AudioClips/PLAYER/Death using Guid(27add851df6f5cf46a3618968f844434) Importer(815301076,1909f56bfc062723c751e8b465ee728b)  -> (artifact id: '259c372bcba0a4c607791f6c287a8cd9') in 0.004238 seconds
  Import took 0.008054 seconds .

========================================================================
Received Import Request.
  Time since last request: 0.003554 seconds.
  path: Assets/AudioClips/PLAYER/Death
  artifactKey: Guid(27add851df6f5cf46a3618968f844434) Importer(815301076,1909f56bfc062723c751e8b465ee728b)
Start importing Assets/AudioClips/PLAYER/Death using Guid(27add851df6f5cf46a3618968f844434) Importer(815301076,1909f56bfc062723c751e8b465ee728b)  -> (artifact id: '259c372bcba0a4c607791f6c287a8cd9') in 0.003678 seconds
  Import took 0.007474 seconds .

========================================================================
Received Import Request.
  Time since last request: 6.735174 seconds.
  path: Assets/AudioClips/PLAYER/FootSteps
  artifactKey: Guid(d75553e95bfb1d2479e1dc6d812f61c5) Importer(815301076,1909f56bfc062723c751e8b465ee728b)
Start importing Assets/AudioClips/PLAYER/FootSteps using Guid(d75553e95bfb1d2479e1dc6d812f61c5) Importer(815301076,1909f56bfc062723c751e8b465ee728b)  -> (artifact id: 'd5f313fbaf8a506f01a6f35e47186059') in 0.010134 seconds
  Import took 0.013915 seconds .

========================================================================
Received Import Request.
  Time since last request: 6.507817 seconds.
  path: Assets/AudioClips/PLAYER/FootSteps/FS_Solid_5.wav
  artifactKey: Guid(0cb05c8521e3a4549bd51f0cd993ee84) Importer(815301076,1909f56bfc062723c751e8b465ee728b)
Start importing Assets/AudioClips/PLAYER/FootSteps/FS_Solid_5.wav using Guid(0cb05c8521e3a4549bd51f0cd993ee84) Importer(815301076,1909f56bfc062723c751e8b465ee728b)  -> (artifact id: '1a64ba80b71ef4e5dcab500a518b9520') in 0.071186 seconds
  Import took 0.074993 seconds .

========================================================================
Received Import Request.
  Time since last request: 10.964395 seconds.
  path: Assets/AudioClips/PLAYER/FootSteps/FS_Solid_1.wav
  artifactKey: Guid(cc6c92e964967c84ca7bd562506032c9) Importer(815301076,1909f56bfc062723c751e8b465ee728b)
Start importing Assets/AudioClips/PLAYER/FootSteps/FS_Solid_1.wav using Guid(cc6c92e964967c84ca7bd562506032c9) Importer(815301076,1909f56bfc062723c751e8b465ee728b)  -> (artifact id: '53b03db85d6b7a647bb1a225602625d9') in 0.024792 seconds
  Import took 0.028731 seconds .

========================================================================
Received Import Request.
  Time since last request: 0.670244 seconds.
  path: Assets/AudioClips/PLAYER/FootSteps/FS_Solid_3.wav
  artifactKey: Guid(144008c1e38b419459287ebb8b9be740) Importer(815301076,1909f56bfc062723c751e8b465ee728b)
Start importing Assets/AudioClips/PLAYER/FootSteps/FS_Solid_3.wav using Guid(144008c1e38b419459287ebb8b9be740) Importer(815301076,1909f56bfc062723c751e8b465ee728b)  -> (artifact id: '48a511a93275a9e711d07fd6e33d2afd') in 0.024161 seconds
  Import took 0.028722 seconds .

========================================================================
Received Import Request.
  Time since last request: 0.001448 seconds.
  path: Assets/AudioClips/PLAYER/FootSteps/FS_Solid_3.wav
  artifactKey: Guid(144008c1e38b419459287ebb8b9be740) Importer(815301076,1909f56bfc062723c751e8b465ee728b)
Start importing Assets/AudioClips/PLAYER/FootSteps/FS_Solid_3.wav using Guid(144008c1e38b419459287ebb8b9be740) Importer(815301076,1909f56bfc062723c751e8b465ee728b)  -> (artifact id: '48a511a93275a9e711d07fd6e33d2afd') in 0.011221 seconds
  Import took 0.015720 seconds .

AssetImportWorkerClient::OnTransportError - code=2 error=End of file
